#
# There is insufficient memory for the Java Runtime Environment to continue.
# Native memory allocation (mmap) failed to map 268435456 bytes for G1 virtual space
# Possible reasons:
#   The system is out of physical RAM or swap space
#   The process is running with CompressedOops enabled, and the Java Heap may be blocking the growth of the native heap
# Possible solutions:
#   Reduce memory load on the system
#   Increase physical memory or swap space
#   Check if swap backing store is full
#   Decrease Java heap size (-Xmx/-Xms)
#   Decrease number of Java threads
#   Decrease Java thread stack sizes (-Xss)
#   Set larger code cache with -XX:ReservedCodeCacheSize=
#   JVM is running with Unscaled Compressed Oops mode in which the Java heap is
#     placed in the first 4GB address space. The Java Heap base address is the
#     maximum limit for the native heap growth. Please use -XX:HeapBaseMinAddress
#     to set the Java Heap base and to place the Java Heap above 4GB virtual address.
# This output file may be truncated or incomplete.
#
#  Out of Memory Error (os_windows.cpp:3552), pid=2624, tid=27872
#
# JRE version:  (17.0.9+11) (build )
# Java VM: Java HotSpot(TM) 64-Bit Server VM (17.0.9+11-LTS-201, mixed mode, sharing, tiered, compressed oops, compressed class ptrs, g1 gc, windows-amd64)
# No core dump will be written. Minidumps are not enabled by default on client versions of Windows
#

---------------  S U M M A R Y ------------

Command Line: -Dorg.gradle.internal.worker.tmpdir=E:\UTC\Week1\UTC\build\tmp\test\work -Dorg.gradle.native=false -Xmx512m -Dfile.encoding=UTF-8 -Duser.country=KR -Duser.language=ko -Duser.variant -ea worker.org.gradle.process.internal.worker.GradleWorkerMain 'Gradle Test Executor 4'

Host: Intel(R) Core(TM) i7-8750H CPU @ 2.20GHz, 12 cores, 15G,  Windows 10 , 64 bit Build 19041 (10.0.19041.3570)
Time: Sat Oct 21 22:42:44 2023  Windows 10 , 64 bit Build 19041 (10.0.19041.3570) elapsed time: 0.024441 seconds (0d 0h 0m 0s)

---------------  T H R E A D  ---------------

Current thread (0x000001e7d2dcdc60):  JavaThread "Unknown thread" [_thread_in_vm, id=27872, stack(0x0000003f35100000,0x0000003f35200000)]

Stack: [0x0000003f35100000,0x0000003f35200000]
Native frames: (J=compiled Java code, j=interpreted, Vv=VM code, C=native code)
V  [jvm.dll+0x678a4a]
V  [jvm.dll+0x7d9cfd]
V  [jvm.dll+0x7db60e]
V  [jvm.dll+0x7dbc73]
V  [jvm.dll+0x245e1f]
V  [jvm.dll+0x6758f9]
V  [jvm.dll+0x66a2a2]
V  [jvm.dll+0x303686]
V  [jvm.dll+0x30ac06]
V  [jvm.dll+0x35a48e]
V  [jvm.dll+0x35a6bf]
V  [jvm.dll+0x2da678]
V  [jvm.dll+0x2db5e4]
V  [jvm.dll+0x7ab6b1]
V  [jvm.dll+0x368041]
V  [jvm.dll+0x78a749]
V  [jvm.dll+0x3ebd4f]
V  [jvm.dll+0x3ed7d1]
C  [jli.dll+0x5297]
C  [ucrtbase.dll+0x21bb2]
C  [KERNEL32.DLL+0x17344]
C  [ntdll.dll+0x526b1]


---------------  P R O C E S S  ---------------

Threads class SMR info:
_java_thread_list=0x00007ffdb4d789d8, length=0, elements={
}

Java Threads: ( => current thread )

Other Threads:
  0x000001e7d2dfe250 GCTaskThread "GC Thread#0" [stack: 0x0000003f35200000,0x0000003f35300000] [id=33916]
  0x000001e7d2e040c0 ConcurrentGCThread "G1 Main Marker" [stack: 0x0000003f35300000,0x0000003f35400000] [id=36268]
  0x000001e7d2e05180 ConcurrentGCThread "G1 Conc#0" [stack: 0x0000003f35400000,0x0000003f35500000] [id=7472]

[error occurred during error reporting (printing all threads), id 0xc0000005, EXCEPTION_ACCESS_VIOLATION (0xc0000005) at pc=0x00007ffdb45ab2d7]

VM state: not at safepoint (not fully initialized)

VM Mutex/Monitor currently owned by a thread:  ([mutex/lock_event])
[0x000001e7d2dc9d20] Heap_lock - owner thread: 0x000001e7d2dcdc60

Heap address: 0x00000000e0000000, size: 512 MB, Compressed Oops mode: 32-bit

CDS archive(s) mapped at: [0x0000000000000000-0x0000000000000000-0x0000000000000000), size 0, SharedBaseAddress: 0x0000000800000000, ArchiveRelocationMode: 1.
Narrow klass base: 0x0000000000000000, Narrow klass shift: 0, Narrow klass range: 0x0

GC Precious Log:
<Empty>

Heap:
 garbage-first heap   total 0K, used 0K [0x00000000e0000000, 0x0000000100000000)
  region size 1024K, 0 young (0K), 0 survivors (0K)

[error occurred during error reporting (printing heap information), id 0xc0000005, EXCEPTION_ACCESS_VIOLATION (0xc0000005) at pc=0x00007ffdb4992229]

GC Heap History (0 events):
No events

Deoptimization events (0 events):
No events

Classes unloaded (0 events):
No events

Classes redefined (0 events):
No events

Internal exceptions (0 events):
No events

VM Operations (0 events):
No events

Events (1 events):
Event: 0.010 Loaded shared library C:\Java\jdk-17\bin\java.dll


Dynamic libraries:
0x00007ff7be1d0000 - 0x00007ff7be1e0000 	C:\Java\jdk-17\bin\java.exe
0x00007ffe37450000 - 0x00007ffe37647000 	C:\WINDOWS\SYSTEM32\ntdll.dll
0x00007ffe35c30000 - 0x00007ffe35ced000 	C:\WINDOWS\System32\KERNEL32.DLL
0x00007ffe351b0000 - 0x00007ffe354a6000 	C:\WINDOWS\System32\KERNELBASE.dll
0x00007ffe34cc0000 - 0x00007ffe34dc0000 	C:\WINDOWS\System32\ucrtbase.dll
0x00007ffe2c2d0000 - 0x00007ffe2c2e9000 	C:\Java\jdk-17\bin\jli.dll
0x00007ffe22920000 - 0x00007ffe2293b000 	C:\Java\jdk-17\bin\VCRUNTIME140.dll
0x00007ffe35740000 - 0x00007ffe357ee000 	C:\WINDOWS\System32\ADVAPI32.dll
0x00007ffe35eb0000 - 0x00007ffe35f4e000 	C:\WINDOWS\System32\msvcrt.dll
0x00007ffe37300000 - 0x00007ffe3739c000 	C:\WINDOWS\System32\sechost.dll
0x00007ffe36ba0000 - 0x00007ffe36cc6000 	C:\WINDOWS\System32\RPCRT4.dll
0x00007ffe354c0000 - 0x00007ffe3565e000 	C:\WINDOWS\System32\USER32.dll
0x00007ffe34f10000 - 0x00007ffe34f32000 	C:\WINDOWS\System32\win32u.dll
0x00007ffe35e80000 - 0x00007ffe35eac000 	C:\WINDOWS\System32\GDI32.dll
0x00007ffe35000000 - 0x00007ffe3511a000 	C:\WINDOWS\System32\gdi32full.dll
0x00007ffe19900000 - 0x00007ffe19b9a000 	C:\WINDOWS\WinSxS\amd64_microsoft.windows.common-controls_6595b64144ccf1df_6.0.19041.3570_none_60bb2a3971f3e41a\COMCTL32.dll
0x00007ffe34dc0000 - 0x00007ffe34e5d000 	C:\WINDOWS\System32\msvcp_win.dll
0x00007ffe2e960000 - 0x00007ffe2e96a000 	C:\WINDOWS\SYSTEM32\VERSION.dll
0x00007ffe37150000 - 0x00007ffe37180000 	C:\WINDOWS\System32\IMM32.DLL
0x00007ffe2bfa0000 - 0x00007ffe2bfac000 	C:\Java\jdk-17\bin\vcruntime140_1.dll
0x00007ffe028d0000 - 0x00007ffe0295e000 	C:\Java\jdk-17\bin\msvcp140.dll
0x00007ffdb42c0000 - 0x00007ffdb4ea1000 	C:\Java\jdk-17\bin\server\jvm.dll
0x00007ffe36cd0000 - 0x00007ffe36cd8000 	C:\WINDOWS\System32\PSAPI.DLL
0x00007ffe28310000 - 0x00007ffe28337000 	C:\WINDOWS\SYSTEM32\WINMM.dll
0x00007ffe155a0000 - 0x00007ffe155a9000 	C:\WINDOWS\SYSTEM32\WSOCK32.dll
0x00007ffe373a0000 - 0x00007ffe3740b000 	C:\WINDOWS\System32\WS2_32.dll
0x00007ffe33360000 - 0x00007ffe33372000 	C:\WINDOWS\SYSTEM32\kernel.appcore.dll
0x00007ffe28b80000 - 0x00007ffe28b8a000 	C:\Java\jdk-17\bin\jimage.dll
0x00007ffe32780000 - 0x00007ffe32964000 	C:\WINDOWS\SYSTEM32\DBGHELP.DLL
0x00007ffe1fd80000 - 0x00007ffe1fdb4000 	C:\WINDOWS\SYSTEM32\dbgcore.DLL
0x00007ffe35120000 - 0x00007ffe351a2000 	C:\WINDOWS\System32\bcryptPrimitives.dll
0x00007ffe228f0000 - 0x00007ffe22915000 	C:\Java\jdk-17\bin\java.dll

dbghelp: loaded successfully - version: 4.0.5 - missing functions: none
symbol engine: initialized successfully - sym options: 0x614 - pdb path: .;C:\Java\jdk-17\bin;C:\WINDOWS\SYSTEM32;C:\WINDOWS\WinSxS\amd64_microsoft.windows.common-controls_6595b64144ccf1df_6.0.19041.3570_none_60bb2a3971f3e41a;C:\Java\jdk-17\bin\server

VM Arguments:
jvm_args: -Dorg.gradle.internal.worker.tmpdir=E:\UTC\Week1\UTC\build\tmp\test\work -Dorg.gradle.native=false -Xmx512m -Dfile.encoding=UTF-8 -Duser.country=KR -Duser.language=ko -Duser.variant -ea 
java_command: worker.org.gradle.process.internal.worker.GradleWorkerMain 'Gradle Test Executor 4'
java_class_path (initial): C:\\Users\\ê¹€ê±´\\.gradle\\caches\\8.1.1\\workerMain\\gradle-worker.jar;E:\\UTC\\Week1\\UTC\\build\\classes\\java\\test;E:\\UTC\\Week1\\UTC\\build\\classes\\java\\main;C:\\Users\\ê¹€ê±´\\.gradle\\caches\\modules-2\\files-2.1\\com.github.woowacourse-projects\\mission-utils\\1.1.0\\a4b1a3600a51a05d44913c93181de7d143fadce2\\mission-utils-1.1.0.jar;C:\\Users\\ê¹€ê±´\\.gradle\\caches\\modules-2\\files-2.1\\org.assertj\\assertj-core\\3.21.0\\27a14d6d22c4e3d58f799fb2a5ca8eaf53e6942a\\assertj-core-3.21.0.jar;C:\\Users\\ê¹€ê±´\\.gradle\\caches\\modules-2\\files-2.1\\org.junit.jupiter\\junit-jupiter-params\\5.8.1\\13afdb5d414cbe991fce3ef6b864de77c9644dae\\junit-jupiter-params-5.8.1.jar;C:\\Users\\ê¹€ê±´\\.gradle\\caches\\modules-2\\files-2.1\\org.junit.jupiter\\junit-jupiter-engine\\5.8.1\\21b86e08aae2720bbf017703669948be96d1388c\\junit-jupiter-engine-5.8.1.jar;C:\\Users\\ê¹€ê±´\\.gradle\\caches\\modules-2\\files-2.1\\org.junit.jupiter\\junit-jupiter-api\\5.8.1\\6538b88eb8bf8811bc7b6efb5246f835c15e0bfe\\junit-jupiter-api-5.8.1.jar;C:\\Users\\ê¹€ê±´\\.gradle\\caches\\modules-2\\files-2.1\\org.junit.platform\\junit-platform-engine\\1.8.1\\e6c63bf990dc88a6527b4ed617b23e47048f07e0\\junit-platform-engine-1.8.1.jar;C:\\Users\\ê¹€ê±´\\.gradle\\caches\\modules-2\\files-2.1\\org.junit.platform\\junit-platform-commons\\1.8.1\\1e362cbe6d0f225b066757865e233972557484\\junit-platform-commons-1.8.1.jar;C:\\Users\\ê¹€ê±´\\.gradle\\caches\\modules-2\\files-2.1\\org.junit.jupiter\\junit-jupiter\\5.8.1\\73a218cf02d36d4e87bb9697fdbe0780e92b6bd3\\junit-jupiter-5.8.1.jar;C:\\Users\\ê¹€ê±´\\.gradle\\caches\\modules-2\\files-2.1\\org.mockito\\mockito-inline\\3.12.4\\3d1dffee9a8a1998ec782383ca2f818848f2d5f1\\mockito-inline-3.12.4.jar;C:\\Users\\ê¹€ê±´\\.gradle\\caches\\modules-2\\files-2.1\\org.mockito\\mockito-core\\3.12.4\\f9cdc14ea4a3573c0c0366d47d5ca960be24ddb6\\mockito-core-3.12.4.jar;C:\\Users\\ê¹€ê±´\\.gradle\\caches\\modules-2\\files-2.1\\org.opentest4j\\opentest
Launcher Type: SUN_STANDARD

[Global flags]
     intx CICompilerCount                          = 4                                         {product} {ergonomic}
     uint ConcGCThreads                            = 3                                         {product} {ergonomic}
     uint G1ConcRefinementThreads                  = 10                                        {product} {ergonomic}
   size_t G1HeapRegionSize                         = 1048576                                   {product} {ergonomic}
    uintx GCDrainStackTargetSize                   = 64                                        {product} {ergonomic}
   size_t InitialHeapSize                          = 268435456                                 {product} {ergonomic}
   size_t MarkStackSize                            = 4194304                                   {product} {ergonomic}
   size_t MaxHeapSize                              = 536870912                                 {product} {command line}
   size_t MinHeapDeltaBytes                        = 1048576                                   {product} {ergonomic}
   size_t MinHeapSize                              = 8388608                                   {product} {ergonomic}
    uintx NonNMethodCodeHeapSize                   = 5839372                                {pd product} {ergonomic}
    uintx NonProfiledCodeHeapSize                  = 122909434                              {pd product} {ergonomic}
    uintx ProfiledCodeHeapSize                     = 122909434                              {pd product} {ergonomic}
    uintx ReservedCodeCacheSize                    = 251658240                              {pd product} {ergonomic}
     bool SegmentedCodeCache                       = true                                      {product} {ergonomic}
   size_t SoftMaxHeapSize                          = 536870912                              {manageable} {ergonomic}
     bool UseCompressedClassPointers               = true                           {product lp64_product} {ergonomic}
     bool UseCompressedOops                        = true                           {product lp64_product} {ergonomic}
     bool UseG1GC                                  = true                                      {product} {ergonomic}
     bool UseLargePagesIndividualAllocation        = false                                  {pd product} {ergonomic}

Logging:
Log output configuration:
 #0: stdout all=warning uptime,level,tags
 #1: stderr all=off uptime,level,tags

Environment Variables:
JAVA_HOME=C:\Java\jdk-17
CLASSPATH=E:\UTC\Week1\UTC\\gradle\wrapper\gradle-wrapper.jar
PATH=%JAVA_HOME%\bin;C:\Program Files\Common Files\Oracle\Java\javapath;C:\Windows\system32;C:\Windows;C:\Windows\System32\Wbem;C:\Windows\System32\WindowsPowerShell\v1.0\;C:\Windows\System32\OpenSSH\;C:\Program Files (x86)\NVIDIA Corporation\PhysX\Common;C:\WINDOWS\system32;C:\WINDOWS;C:\WINDOWS\System32\Wbem;C:\WINDOWS\System32\WindowsPowerShell\v1.0\;C:\WINDOWS\System32\OpenSSH\;C:\Git\cmd;C:\Users\±è°Ç\AppData\Local\Microsoft\WindowsApps;D:\PyCharm Community Edition 2023.1.2\bin;;C:\Users\±è°Ç\AppData\Local\GitHubDesktop\bin
USERNAME=±è°Ç
OS=Windows_NT
PROCESSOR_IDENTIFIER=Intel64 Family 6 Model 158 Stepping 10, GenuineIntel



---------------  S Y S T E M  ---------------

OS:
 Windows 10 , 64 bit Build 19041 (10.0.19041.3570)
OS uptime: 5 days 3:24 hours

CPU: total 12 (initial active 12) (6 cores per cpu, 2 threads per core) family 6 model 158 stepping 10 microcode 0xde, cx8, cmov, fxsr, ht, mmx, 3dnowpref, sse, sse2, sse3, ssse3, sse4.1, sse4.2, popcnt, lzcnt, tsc, tscinvbit, avx, avx2, aes, erms, clmul, bmi1, bmi2, adx, fma, vzeroupper, clflush, clflushopt

Memory: 4k page, system-wide physical 16257M (6338M free)
TotalPageFile size 25609M (AvailPageFile size 226M)
current process WorkingSet (physical memory assigned to process): 10M, peak: 10M
current process commit charge ("private bytes"): 63M, peak: 319M

vm_info: Java HotSpot(TM) 64-Bit Server VM (17.0.9+11-LTS-201) for windows-amd64 JRE (17.0.9+11-LTS-201), built on Oct 10 2023 23:16:06 by "mach5one" with MS VC++ 17.1 (VS2022)

END.
