#
# There is insufficient memory for the Java Runtime Environment to continue.
# Native memory allocation (mmap) failed to map 201326592 bytes for G1 virtual space
# Possible reasons:
#   The system is out of physical RAM or swap space
#   The process is running with CompressedOops enabled, and the Java Heap may be blocking the growth of the native heap
# Possible solutions:
#   Reduce memory load on the system
#   Increase physical memory or swap space
#   Check if swap backing store is full
#   Decrease Java heap size (-Xmx/-Xms)
#   Decrease number of Java threads
#   Decrease Java thread stack sizes (-Xss)
#   Set larger code cache with -XX:ReservedCodeCacheSize=
#   JVM is running with Unscaled Compressed Oops mode in which the Java heap is
#     placed in the first 4GB address space. The Java Heap base address is the
#     maximum limit for the native heap growth. Please use -XX:HeapBaseMinAddress
#     to set the Java Heap base and to place the Java Heap above 4GB virtual address.
# This output file may be truncated or incomplete.
#
#  Out of Memory Error (os_windows.cpp:3552), pid=78604, tid=111084
#
# JRE version:  (17.0.9+11) (build )
# Java VM: Java HotSpot(TM) 64-Bit Server VM (17.0.9+11-LTS-201, mixed mode, sharing, tiered, compressed oops, compressed class ptrs, g1 gc, windows-amd64)
# No core dump will be written. Minidumps are not enabled by default on client versions of Windows
#

---------------  S U M M A R Y ------------

Command Line: -Dorg.gradle.internal.worker.tmpdir=C:\ITSTUDY\woowacourse\java-baseball\build\tmp\test\work -Dorg.gradle.native=false -Xmx512m -Dfile.encoding=UTF-8 -Duser.country=KR -Duser.language=ko -Duser.variant -ea worker.org.gradle.process.internal.worker.GradleWorkerMain 'Gradle Test Executor 1'

Host: Intel(R) Core(TM) i5-6200U CPU @ 2.30GHz, 4 cores, 11G,  Windows 10 , 64 bit Build 19041 (10.0.19041.3570)
Time: Tue Oct 24 19:29:50 2023  Windows 10 , 64 bit Build 19041 (10.0.19041.3570) elapsed time: 0.027580 seconds (0d 0h 0m 0s)

---------------  T H R E A D  ---------------

Current thread (0x00000146090047a0):  JavaThread "Unknown thread" [_thread_in_vm, id=111084, stack(0x0000000f5f100000,0x0000000f5f200000)]

Stack: [0x0000000f5f100000,0x0000000f5f200000]
Native frames: (J=compiled Java code, j=interpreted, Vv=VM code, C=native code)
V  [jvm.dll+0x678a4a]
V  [jvm.dll+0x7d9cfd]
V  [jvm.dll+0x7db60e]
V  [jvm.dll+0x7dbc73]
V  [jvm.dll+0x245e1f]
V  [jvm.dll+0x6758f9]
V  [jvm.dll+0x66a2a2]
V  [jvm.dll+0x303686]
V  [jvm.dll+0x30ac06]
V  [jvm.dll+0x35a48e]
V  [jvm.dll+0x35a6bf]
V  [jvm.dll+0x2da678]
V  [jvm.dll+0x2db5e4]
V  [jvm.dll+0x7ab6b1]
V  [jvm.dll+0x368041]
V  [jvm.dll+0x78a749]
V  [jvm.dll+0x3ebd4f]
V  [jvm.dll+0x3ed7d1]
C  [jli.dll+0x5297]
C  [ucrtbase.dll+0x21bb2]
C  [KERNEL32.DLL+0x17344]
C  [ntdll.dll+0x526b1]


---------------  P R O C E S S  ---------------

Threads class SMR info:
_java_thread_list=0x00007fff78bc89d8, length=0, elements={
}

Java Threads: ( => current thread )

Other Threads:
  0x000001460902fa60 GCTaskThread "GC Thread#0" [stack: 0x0000000f5f200000,0x0000000f5f300000] [id=105976]
  0x00000146090348c0 ConcurrentGCThread "G1 Main Marker" [stack: 0x0000000f5f300000,0x0000000f5f400000] [id=111164]
  0x0000014609036990 ConcurrentGCThread "G1 Conc#0" [stack: 0x0000000f5f400000,0x0000000f5f500000] [id=114740]

[error occurred during error reporting (printing all threads), id 0xc0000005, EXCEPTION_ACCESS_VIOLATION (0xc0000005) at pc=0x00007fff783fb2d7]

VM state: not at safepoint (not fully initialized)

VM Mutex/Monitor currently owned by a thread:  ([mutex/lock_event])
[0x00000146090035e0] Heap_lock - owner thread: 0x00000146090047a0

Heap address: 0x00000000e0000000, size: 512 MB, Compressed Oops mode: 32-bit

CDS archive(s) mapped at: [0x0000000000000000-0x0000000000000000-0x0000000000000000), size 0, SharedBaseAddress: 0x0000000800000000, ArchiveRelocationMode: 1.
Narrow klass base: 0x0000000000000000, Narrow klass shift: 0, Narrow klass range: 0x0

GC Precious Log:
<Empty>

Heap:
 garbage-first heap   total 0K, used 0K [0x00000000e0000000, 0x0000000100000000)
  region size 1024K, 0 young (0K), 0 survivors (0K)

[error occurred during error reporting (printing heap information), id 0xc0000005, EXCEPTION_ACCESS_VIOLATION (0xc0000005) at pc=0x00007fff787e2229]

GC Heap History (0 events):
No events

Deoptimization events (0 events):
No events

Classes unloaded (0 events):
No events

Classes redefined (0 events):
No events

Internal exceptions (0 events):
No events

VM Operations (0 events):
No events

Events (1 events):
Event: 0.017 Loaded shared library C:\Program Files\Java\jdk-17\bin\java.dll


Dynamic libraries:
0x00007ff732630000 - 0x00007ff732640000 	C:\Program Files\Java\jdk-17\bin\java.exe
0x00007fffd4b90000 - 0x00007fffd4d87000 	C:\Windows\SYSTEM32\ntdll.dll
0x00007fffd2cb0000 - 0x00007fffd2d6d000 	C:\Windows\System32\KERNEL32.DLL
0x00007fffd23d0000 - 0x00007fffd26c6000 	C:\Windows\System32\KERNELBASE.dll
0x00007fffd22d0000 - 0x00007fffd23d0000 	C:\Windows\System32\ucrtbase.dll
0x00007fffa5be0000 - 0x00007fffa5bfb000 	C:\Program Files\Java\jdk-17\bin\VCRUNTIME140.dll
0x00007fffa8620000 - 0x00007fffa8639000 	C:\Program Files\Java\jdk-17\bin\jli.dll
0x00007fffd3ce0000 - 0x00007fffd3d8e000 	C:\Windows\System32\ADVAPI32.dll
0x00007fffd3800000 - 0x00007fffd389e000 	C:\Windows\System32\msvcrt.dll
0x00007fffd34e0000 - 0x00007fffd357c000 	C:\Windows\System32\sechost.dll
0x00007fffd3b80000 - 0x00007fffd3ca6000 	C:\Windows\System32\RPCRT4.dll
0x00007fffd3600000 - 0x00007fffd379e000 	C:\Windows\System32\USER32.dll
0x00007fffd26d0000 - 0x00007fffd26f2000 	C:\Windows\System32\win32u.dll
0x00007fffd3cb0000 - 0x00007fffd3cdc000 	C:\Windows\System32\GDI32.dll
0x00007fffd29f0000 - 0x00007fffd2b0a000 	C:\Windows\System32\gdi32full.dll
0x00007fffd2890000 - 0x00007fffd292d000 	C:\Windows\System32\msvcp_win.dll
0x00007fffc9ec0000 - 0x00007fffc9eca000 	C:\Windows\SYSTEM32\VERSION.dll
0x00007fffc0b20000 - 0x00007fffc0dba000 	C:\Windows\WinSxS\amd64_microsoft.windows.common-controls_6595b64144ccf1df_6.0.19041.3570_none_60bb2a3971f3e41a\COMCTL32.dll
0x00007fffd3d90000 - 0x00007fffd3dc0000 	C:\Windows\System32\IMM32.DLL
0x00007fffc46d0000 - 0x00007fffc46dc000 	C:\Program Files\Java\jdk-17\bin\vcruntime140_1.dll
0x00007fff7ea60000 - 0x00007fff7eaee000 	C:\Program Files\Java\jdk-17\bin\msvcp140.dll
0x00007fff78110000 - 0x00007fff78cf1000 	C:\Program Files\Java\jdk-17\bin\server\jvm.dll
0x00007fffd4a10000 - 0x00007fffd4a18000 	C:\Windows\System32\PSAPI.DLL
0x00007fffc4f50000 - 0x00007fffc4f59000 	C:\Windows\SYSTEM32\WSOCK32.dll
0x00007fffd2d70000 - 0x00007fffd2ddb000 	C:\Windows\System32\WS2_32.dll
0x00007fffc4580000 - 0x00007fffc45a7000 	C:\Windows\SYSTEM32\WINMM.dll
0x00007fffd0b00000 - 0x00007fffd0b12000 	C:\Windows\SYSTEM32\kernel.appcore.dll
0x00007fffc4120000 - 0x00007fffc412a000 	C:\Program Files\Java\jdk-17\bin\jimage.dll
0x00007fffcfff0000 - 0x00007fffd01d4000 	C:\Windows\SYSTEM32\DBGHELP.DLL
0x00007fffc9470000 - 0x00007fffc94a4000 	C:\Windows\SYSTEM32\dbgcore.DLL
0x00007fffd2bc0000 - 0x00007fffd2c42000 	C:\Windows\System32\bcryptPrimitives.dll
0x00007fffa2430000 - 0x00007fffa2455000 	C:\Program Files\Java\jdk-17\bin\java.dll

dbghelp: loaded successfully - version: 4.0.5 - missing functions: none
symbol engine: initialized successfully - sym options: 0x614 - pdb path: .;C:\Program Files\Java\jdk-17\bin;C:\Windows\SYSTEM32;C:\Windows\WinSxS\amd64_microsoft.windows.common-controls_6595b64144ccf1df_6.0.19041.3570_none_60bb2a3971f3e41a;C:\Program Files\Java\jdk-17\bin\server

VM Arguments:
jvm_args: -Dorg.gradle.internal.worker.tmpdir=C:\ITSTUDY\woowacourse\java-baseball\build\tmp\test\work -Dorg.gradle.native=false -Xmx512m -Dfile.encoding=UTF-8 -Duser.country=KR -Duser.language=ko -Duser.variant -ea 
java_command: worker.org.gradle.process.internal.worker.GradleWorkerMain 'Gradle Test Executor 1'
java_class_path (initial): C:\\Users\\bgmun\\.gradle\\caches\\8.1.1\\workerMain\\gradle-worker.jar;C:\\ITSTUDY\\woowacourse\\java-baseball\\build\\classes\\java\\test;C:\\ITSTUDY\\woowacourse\\java-baseball\\build\\classes\\java\\main;C:\\Users\\bgmun\\.gradle\\caches\\modules-2\\files-2.1\\com.github.woowacourse-projects\\mission-utils\\1.1.0\\a4b1a3600a51a05d44913c93181de7d143fadce2\\mission-utils-1.1.0.jar;C:\\Users\\bgmun\\.gradle\\caches\\modules-2\\files-2.1\\org.assertj\\assertj-core\\3.21.0\\27a14d6d22c4e3d58f799fb2a5ca8eaf53e6942a\\assertj-core-3.21.0.jar;C:\\Users\\bgmun\\.gradle\\caches\\modules-2\\files-2.1\\org.junit.jupiter\\junit-jupiter-params\\5.8.1\\13afdb5d414cbe991fce3ef6b864de77c9644dae\\junit-jupiter-params-5.8.1.jar;C:\\Users\\bgmun\\.gradle\\caches\\modules-2\\files-2.1\\org.junit.jupiter\\junit-jupiter-engine\\5.8.1\\21b86e08aae2720bbf017703669948be96d1388c\\junit-jupiter-engine-5.8.1.jar;C:\\Users\\bgmun\\.gradle\\caches\\modules-2\\files-2.1\\org.junit.jupiter\\junit-jupiter-api\\5.8.1\\6538b88eb8bf8811bc7b6efb5246f835c15e0bfe\\junit-jupiter-api-5.8.1.jar;C:\\Users\\bgmun\\.gradle\\caches\\modules-2\\files-2.1\\org.junit.platform\\junit-platform-engine\\1.8.1\\e6c63bf990dc88a6527b4ed617b23e47048f07e0\\junit-platform-engine-1.8.1.jar;C:\\Users\\bgmun\\.gradle\\caches\\modules-2\\files-2.1\\org.junit.platform\\junit-platform-commons\\1.8.1\\1e362cbe6d0f225b066757865e233972557484\\junit-platform-commons-1.8.1.jar;C:\\Users\\bgmun\\.gradle\\caches\\modules-2\\files-2.1\\org.junit.jupiter\\junit-jupiter\\5.8.1\\73a218cf02d36d4e87bb9697fdbe0780e92b6bd3\\junit-jupiter-5.8.1.jar;C:\\Users\\bgmun\\.gradle\\caches\\modules-2\\files-2.1\\org.mockito\\mockito-inline\\3.12.4\\3d1dffee9a8a1998ec782383ca2f818848f2d5f1\\mockito-inline-3.12.4.jar;C:\\Users\\bgmun\\.gradle\\caches\\modules-2\\files-2.1\\org.mockito\\mockito-core\\3.12.4\\f9cdc14ea4a3573c0c0366d47d5ca960be24ddb6\\mockito-core-3.12.4.jar;C:\\Users\\bgmun\\.gradle\\caches\\modules-2\\files-2
Launcher Type: SUN_STANDARD

[Global flags]
     intx CICompilerCount                          = 3                                         {product} {ergonomic}
     uint ConcGCThreads                            = 1                                         {product} {ergonomic}
     uint G1ConcRefinementThreads                  = 4                                         {product} {ergonomic}
   size_t G1HeapRegionSize                         = 1048576                                   {product} {ergonomic}
    uintx GCDrainStackTargetSize                   = 64                                        {product} {ergonomic}
   size_t InitialHeapSize                          = 201326592                                 {product} {ergonomic}
   size_t MarkStackSize                            = 4194304                                   {product} {ergonomic}
   size_t MaxHeapSize                              = 536870912                                 {product} {command line}
   size_t MinHeapDeltaBytes                        = 1048576                                   {product} {ergonomic}
   size_t MinHeapSize                              = 8388608                                   {product} {ergonomic}
    uintx NonNMethodCodeHeapSize                   = 5832780                                {pd product} {ergonomic}
    uintx NonProfiledCodeHeapSize                  = 122912730                              {pd product} {ergonomic}
    uintx ProfiledCodeHeapSize                     = 122912730                              {pd product} {ergonomic}
    uintx ReservedCodeCacheSize                    = 251658240                              {pd product} {ergonomic}
     bool SegmentedCodeCache                       = true                                      {product} {ergonomic}
   size_t SoftMaxHeapSize                          = 536870912                              {manageable} {ergonomic}
     bool UseCompressedClassPointers               = true                           {product lp64_product} {ergonomic}
     bool UseCompressedOops                        = true                           {product lp64_product} {ergonomic}
     bool UseG1GC                                  = true                                      {product} {ergonomic}
     bool UseLargePagesIndividualAllocation        = false                                  {pd product} {ergonomic}

Logging:
Log output configuration:
 #0: stdout all=warning uptime,level,tags
 #1: stderr all=off uptime,level,tags

Environment Variables:
JAVA_HOME=C:\Program Files\Java\jdk-8.0.372.7-hotspot\
PATH=C:\Program Files\Common Files\Oracle\Java\javapath;C:\Program Files\Java\jdk-8.0.372.7-hotspot\bin;C:\Program Files\Java\jdk-8.0.372.7-hotspot\\bin;C:\Program Files (x86)\Intel\iCLS Client\;C:\Program Files\Intel\iCLS Client\;C:\windows\system32;C:\windows;C:\windows\System32\Wbem;C:\windows\System32\WindowsPowerShell\v1.0\;C:\Program Files (x86)\Intel\Intel(R) Management Engine Components\DAL;C:\Program Files\Intel\Intel(R) Management Engine Components\DAL;C:\Program Files (x86)\Intel\Intel(R) Management Engine Components\IPT;C:\Program Files\Intel\Intel(R) Management Engine Components\IPT;C:\Program Files (x86)\NVIDIA Corporation\PhysX\Common;C:\Program Files\Intel\WiFi\bin\;C:\Program Files\Common Files\Intel\WirelessCommon\;C:\Windows\system32;C:\Windows;C:\Windows\System32\Wbem;C:\Windows\System32\WindowsPowerShell\v1.0\;C:\Windows\System32\OpenSSH\;C:\Program Files\NVIDIA Corporation\NVIDIA NvDLISR;C:\Program Files\Bandizip\;C:\ITSTUDY\git\Git\cmd;C:\ITSTUDY;C:\ITSTUDY\Library\mingw-w64\bin;C:\ITSTUDY\Library\usr\bin;C:\ITSTUDY\Library\bin;C:\ITSTUDY\Scripts;C:\Users\bgmun\AppData\Local\Programs\Python\Python39\Scripts\;C:\Users\bgmun\AppData\Local\Programs\Python\Python39\;C:\Users\bgmun\AppData\Local\Microsoft\WindowsApps;C:\Program Files\JetBrains\IntelliJ IDEA Community Edition 2023.1\bin;;C:\ITSTUDY\Microsoft VS Code\bin
USERNAME=bgmun
OS=Windows_NT
PROCESSOR_IDENTIFIER=Intel64 Family 6 Model 78 Stepping 3, GenuineIntel



---------------  S Y S T E M  ---------------

OS:
 Windows 10 , 64 bit Build 19041 (10.0.19041.3570)
OS uptime: 9 days 17:12 hours

CPU: total 4 (initial active 4) (2 cores per cpu, 2 threads per core) family 6 model 78 stepping 3 microcode 0xcc, cx8, cmov, fxsr, ht, mmx, 3dnowpref, sse, sse2, sse3, ssse3, sse4.1, sse4.2, popcnt, lzcnt, tsc, tscinvbit, avx, avx2, aes, erms, clmul, bmi1, bmi2, adx, fma, vzeroupper, clflush, clflushopt

Memory: 4k page, system-wide physical 12205M (442M free)
TotalPageFile size 27200M (AvailPageFile size 161M)
current process WorkingSet (physical memory assigned to process): 10M, peak: 10M
current process commit charge ("private bytes"): 51M, peak: 243M

vm_info: Java HotSpot(TM) 64-Bit Server VM (17.0.9+11-LTS-201) for windows-amd64 JRE (17.0.9+11-LTS-201), built on Oct 10 2023 23:16:06 by "mach5one" with MS VC++ 17.1 (VS2022)

END.
